<?xml version="1.0" encoding="UTF-8"?>
<coverage generated="1773204526901" clover="3.2.0">
  <project timestamp="1773204526901" name="All files">
    <metrics statements="260" coveredstatements="215" conditionals="216" coveredconditionals="157" methods="62" coveredmethods="48" elements="538" coveredelements="420" complexity="0" loc="260" ncloc="260" packages="9" files="11" classes="11"/>
    <package name="app.api.v1.applications">
      <metrics statements="22" coveredstatements="22" conditionals="12" coveredconditionals="12" methods="2" coveredmethods="2"/>
      <file name="route.ts" path="C:\Users\Admin\Desktop\CS 7180\Project2\Interntrack\src\app\api\v1\applications\route.ts">
        <metrics statements="22" coveredstatements="22" conditionals="12" coveredconditionals="12" methods="2" coveredmethods="2"/>
        <line num="8" count="2" type="stmt"/>
        <line num="11" count="7" type="stmt"/>
        <line num="12" count="7" type="stmt"/>
        <line num="14" count="7" type="cond" truecount="5" falsecount="0"/>
        <line num="15" count="2" type="stmt"/>
        <line num="18" count="5" type="stmt"/>
        <line num="19" count="5" type="stmt"/>
        <line num="21" count="5" type="stmt"/>
        <line num="28" count="2" type="stmt"/>
        <line num="30" count="3" type="cond" truecount="2" falsecount="0"/>
        <line num="31" count="2" type="stmt"/>
        <line num="32" count="2" type="stmt"/>
        <line num="38" count="1" type="stmt"/>
        <line num="39" count="1" type="stmt"/>
        <line num="47" count="5" type="stmt"/>
        <line num="48" count="5" type="stmt"/>
        <line num="50" count="5" type="cond" truecount="5" falsecount="0"/>
        <line num="51" count="2" type="stmt"/>
        <line num="54" count="3" type="stmt"/>
        <line num="63" count="2" type="stmt"/>
        <line num="65" count="1" type="stmt"/>
        <line num="66" count="1" type="stmt"/>
      </file>
    </package>
    <package name="app.api.v1.applications.[id]">
      <metrics statements="46" coveredstatements="38" conditionals="29" coveredconditionals="26" methods="3" coveredmethods="3"/>
      <file name="route.ts" path="C:\Users\Admin\Desktop\CS 7180\Project2\Interntrack\src\app\api\v1\applications\[id]\route.ts">
        <metrics statements="46" coveredstatements="38" conditionals="29" coveredconditionals="26" methods="3" coveredmethods="3"/>
        <line num="8" count="2" type="stmt"/>
        <line num="14" count="8" type="stmt"/>
        <line num="15" count="8" type="stmt"/>
        <line num="16" count="8" type="stmt"/>
        <line num="18" count="8" type="cond" truecount="5" falsecount="0"/>
        <line num="19" count="2" type="stmt"/>
        <line num="22" count="6" type="stmt"/>
        <line num="26" count="6" type="cond" truecount="2" falsecount="0"/>
        <line num="27" count="2" type="stmt"/>
        <line num="30" count="4" type="cond" truecount="2" falsecount="0"/>
        <line num="31" count="2" type="stmt"/>
        <line num="34" count="2" type="stmt"/>
        <line num="36" count="0" type="stmt"/>
        <line num="37" count="0" type="stmt"/>
        <line num="48" count="7" type="stmt"/>
        <line num="49" count="7" type="stmt"/>
        <line num="50" count="7" type="stmt"/>
        <line num="52" count="7" type="cond" truecount="5" falsecount="0"/>
        <line num="53" count="2" type="stmt"/>
        <line num="56" count="5" type="stmt"/>
        <line num="60" count="5" type="cond" truecount="1" falsecount="1"/>
        <line num="61" count="0" type="stmt"/>
        <line num="64" count="5" type="cond" truecount="2" falsecount="0"/>
        <line num="65" count="1" type="stmt"/>
        <line num="68" count="4" type="stmt"/>
        <line num="69" count="4" type="stmt"/>
        <line num="71" count="4" type="stmt"/>
        <line num="76" count="2" type="stmt"/>
        <line num="78" count="2" type="cond" truecount="1" falsecount="1"/>
        <line num="79" count="2" type="stmt"/>
        <line num="85" count="0" type="stmt"/>
        <line num="86" count="0" type="stmt"/>
        <line num="97" count="5" type="stmt"/>
        <line num="98" count="5" type="stmt"/>
        <line num="99" count="5" type="stmt"/>
        <line num="101" count="5" type="cond" truecount="5" falsecount="0"/>
        <line num="102" count="2" type="stmt"/>
        <line num="105" count="3" type="stmt"/>
        <line num="109" count="3" type="cond" truecount="1" falsecount="1"/>
        <line num="110" count="0" type="stmt"/>
        <line num="113" count="3" type="cond" truecount="2" falsecount="0"/>
        <line num="114" count="1" type="stmt"/>
        <line num="117" count="2" type="stmt"/>
        <line num="121" count="2" type="stmt"/>
        <line num="123" count="0" type="stmt"/>
        <line num="124" count="0" type="stmt"/>
      </file>
    </package>
    <package name="app.api.v1.applications.check-duplicate">
      <metrics statements="17" coveredstatements="17" conditionals="13" coveredconditionals="13" methods="2" coveredmethods="2"/>
      <file name="route.ts" path="C:\Users\Admin\Desktop\CS 7180\Project2\Interntrack\src\app\api\v1\applications\check-duplicate\route.ts">
        <metrics statements="17" coveredstatements="17" conditionals="13" coveredconditionals="13" methods="2" coveredmethods="2"/>
        <line num="6" count="1" type="stmt"/>
        <line num="9" count="7" type="stmt"/>
        <line num="10" count="7" type="stmt"/>
        <line num="12" count="7" type="cond" truecount="5" falsecount="0"/>
        <line num="13" count="1" type="stmt"/>
        <line num="16" count="6" type="stmt"/>
        <line num="17" count="6" type="stmt"/>
        <line num="19" count="6" type="cond" truecount="4" falsecount="0"/>
        <line num="20" count="2" type="stmt"/>
        <line num="29" count="4" type="stmt"/>
        <line num="33" count="3" type="stmt"/>
        <line num="35" count="3" type="cond" truecount="2" falsecount="0"/>
        <line num="39" count="3" type="cond" truecount="2" falsecount="0"/>
        <line num="40" count="2" type="stmt"/>
        <line num="46" count="1" type="stmt"/>
        <line num="48" count="1" type="stmt"/>
        <line num="49" count="1" type="stmt"/>
      </file>
    </package>
    <package name="app.api.v1.auth.register">
      <metrics statements="15" coveredstatements="15" conditionals="4" coveredconditionals="4" methods="1" coveredmethods="1"/>
      <file name="route.ts" path="C:\Users\Admin\Desktop\CS 7180\Project2\Interntrack\src\app\api\v1\auth\register\route.ts">
        <metrics statements="15" coveredstatements="15" conditionals="4" coveredconditionals="4" methods="1" coveredmethods="1"/>
        <line num="6" count="1" type="stmt"/>
        <line num="8" count="1" type="stmt"/>
        <line num="14" count="4" type="stmt"/>
        <line num="15" count="4" type="stmt"/>
        <line num="16" count="4" type="stmt"/>
        <line num="18" count="4" type="stmt"/>
        <line num="22" count="2" type="cond" truecount="2" falsecount="0"/>
        <line num="23" count="1" type="stmt"/>
        <line num="29" count="1" type="stmt"/>
        <line num="31" count="1" type="stmt"/>
        <line num="43" count="1" type="stmt"/>
        <line num="48" count="2" type="cond" truecount="2" falsecount="0"/>
        <line num="49" count="1" type="stmt"/>
        <line num="54" count="1" type="stmt"/>
        <line num="55" count="1" type="stmt"/>
      </file>
    </package>
    <package name="app.login">
      <metrics statements="23" coveredstatements="23" conditionals="10" coveredconditionals="9" methods="5" coveredmethods="5"/>
      <file name="page.tsx" path="C:\Users\Admin\Desktop\CS 7180\Project2\Interntrack\src\app\login\page.tsx">
        <metrics statements="23" coveredstatements="23" conditionals="10" coveredconditionals="9" methods="5" coveredmethods="5"/>
        <line num="10" count="16" type="stmt"/>
        <line num="11" count="16" type="stmt"/>
        <line num="12" count="16" type="stmt"/>
        <line num="13" count="16" type="stmt"/>
        <line num="14" count="16" type="stmt"/>
        <line num="15" count="16" type="stmt"/>
        <line num="17" count="16" type="cond" truecount="2" falsecount="0"/>
        <line num="19" count="16" type="stmt"/>
        <line num="20" count="3" type="stmt"/>
        <line num="21" count="3" type="stmt"/>
        <line num="22" count="3" type="stmt"/>
        <line num="24" count="3" type="stmt"/>
        <line num="25" count="3" type="stmt"/>
        <line num="32" count="2" type="cond" truecount="2" falsecount="0"/>
        <line num="33" count="1" type="cond" truecount="1" falsecount="1"/>
        <line num="35" count="1" type="stmt"/>
        <line num="36" count="1" type="stmt"/>
        <line num="39" count="1" type="stmt"/>
        <line num="41" count="3" type="stmt"/>
        <line num="45" count="16" type="stmt"/>
        <line num="64" count="3" type="stmt"/>
        <line num="82" count="3" type="stmt"/>
        <line num="102" count="4" type="stmt"/>
      </file>
    </package>
    <package name="app.register">
      <metrics statements="29" coveredstatements="29" conditionals="12" coveredconditionals="11" methods="5" coveredmethods="5"/>
      <file name="page.tsx" path="C:\Users\Admin\Desktop\CS 7180\Project2\Interntrack\src\app\register\page.tsx">
        <metrics statements="29" coveredstatements="29" conditionals="12" coveredconditionals="11" methods="5" coveredmethods="5"/>
        <line num="9" count="24" type="stmt"/>
        <line num="10" count="24" type="stmt"/>
        <line num="11" count="24" type="stmt"/>
        <line num="12" count="24" type="stmt"/>
        <line num="13" count="24" type="stmt"/>
        <line num="14" count="24" type="stmt"/>
        <line num="16" count="24" type="stmt"/>
        <line num="17" count="4" type="stmt"/>
        <line num="18" count="4" type="stmt"/>
        <line num="20" count="4" type="cond" truecount="2" falsecount="0"/>
        <line num="21" count="1" type="stmt"/>
        <line num="22" count="1" type="stmt"/>
        <line num="25" count="3" type="stmt"/>
        <line num="27" count="3" type="stmt"/>
        <line num="28" count="3" type="stmt"/>
        <line num="34" count="3" type="stmt"/>
        <line num="36" count="3" type="cond" truecount="2" falsecount="0"/>
        <line num="37" count="1" type="cond" truecount="1" falsecount="1"/>
        <line num="41" count="2" type="stmt"/>
        <line num="47" count="2" type="cond" truecount="2" falsecount="0"/>
        <line num="48" count="1" type="stmt"/>
        <line num="51" count="1" type="stmt"/>
        <line num="52" count="1" type="stmt"/>
        <line num="54" count="2" type="stmt"/>
        <line num="56" count="3" type="stmt"/>
        <line num="60" count="24" type="stmt"/>
        <line num="94" count="4" type="stmt"/>
        <line num="115" count="4" type="stmt"/>
        <line num="136" count="4" type="stmt"/>
      </file>
    </package>
    <package name="components.Board">
      <metrics statements="88" coveredstatements="51" conditionals="122" coveredconditionals="70" methods="39" coveredmethods="26"/>
      <file name="ApplicationCard.tsx" path="C:\Users\Admin\Desktop\CS 7180\Project2\Interntrack\src\components\Board\ApplicationCard.tsx">
        <metrics statements="56" coveredstatements="20" conditionals="96" coveredconditionals="47" methods="15" coveredmethods="2"/>
        <line num="7" count="3" type="stmt"/>
        <line num="23" count="3" type="stmt"/>
        <line num="32" count="15" type="cond" truecount="1" falsecount="1"/>
        <line num="33" count="15" type="stmt"/>
        <line num="34" count="15" type="stmt"/>
        <line num="35" count="15" type="stmt"/>
        <line num="36" count="15" type="stmt"/>
        <line num="39" count="15" type="stmt"/>
        <line num="40" count="15" type="cond" truecount="2" falsecount="0"/>
        <line num="41" count="6" type="stmt"/>
        <line num="42" count="6" type="stmt"/>
        <line num="43" count="6" type="stmt"/>
        <line num="44" count="6" type="stmt"/>
        <line num="45" count="6" type="stmt"/>
        <line num="46" count="6" type="cond" truecount="1" falsecount="1"/>
        <line num="47" count="0" type="cond" truecount="0" falsecount="2"/>
        <line num="48" count="0" type="cond" truecount="0" falsecount="2"/>
        <line num="49" count="0" type="stmt"/>
        <line num="53" count="15" type="cond" truecount="2" falsecount="0"/>
        <line num="55" count="15" type="stmt"/>
        <line num="62" count="15" type="stmt"/>
        <line num="68" count="15" type="cond" truecount="4" falsecount="0"/>
        <line num="76" count="15" type="stmt"/>
        <line num="166" count="0" type="stmt"/>
        <line num="167" count="0" type="cond" truecount="0" falsecount="2"/>
        <line num="168" count="0" type="cond" truecount="0" falsecount="2"/>
        <line num="170" count="0" type="stmt"/>
        <line num="171" count="0" type="stmt"/>
        <line num="172" count="0" type="stmt"/>
        <line num="173" count="0" type="stmt"/>
        <line num="174" count="0" type="stmt"/>
        <line num="176" count="0" type="stmt"/>
        <line num="189" count="0" type="stmt"/>
        <line num="193" count="0" type="stmt"/>
        <line num="197" count="0" type="stmt"/>
        <line num="202" count="0" type="stmt"/>
        <line num="208" count="0" type="stmt"/>
        <line num="215" count="0" type="cond" truecount="0" falsecount="5"/>
        <line num="216" count="0" type="stmt"/>
        <line num="217" count="0" type="stmt"/>
        <line num="218" count="0" type="stmt"/>
        <line num="219" count="0" type="stmt"/>
        <line num="229" count="0" type="stmt"/>
        <line num="242" count="0" type="stmt"/>
        <line num="243" count="0" type="cond" truecount="0" falsecount="2"/>
        <line num="245" count="0" type="stmt"/>
        <line num="246" count="0" type="stmt"/>
        <line num="247" count="0" type="stmt"/>
        <line num="248" count="0" type="stmt"/>
        <line num="255" count="0" type="stmt"/>
        <line num="268" count="0" type="stmt"/>
        <line num="270" count="0" type="cond" truecount="0" falsecount="4"/>
        <line num="271" count="0" type="stmt"/>
        <line num="272" count="0" type="stmt"/>
        <line num="275" count="0" type="stmt"/>
        <line num="280" count="0" type="stmt"/>
      </file>
      <file name="ApplicationTable.tsx" path="C:\Users\Admin\Desktop\CS 7180\Project2\Interntrack\src\components\Board\ApplicationTable.tsx">
        <metrics statements="28" coveredstatements="27" conditionals="24" coveredconditionals="22" methods="21" coveredmethods="21"/>
        <line num="12" count="5" type="stmt"/>
        <line num="17" count="1" type="stmt"/>
        <line num="18" count="16" type="stmt"/>
        <line num="24" count="7" type="stmt"/>
        <line num="25" count="16" type="stmt"/>
        <line num="39" count="2" type="stmt"/>
        <line num="40" count="1" type="stmt"/>
        <line num="42" count="16" type="cond" truecount="1" falsecount="1"/>
        <line num="43" count="16" type="stmt"/>
        <line num="55" count="8" type="cond" truecount="4" falsecount="0"/>
        <line num="56" count="6" type="cond" truecount="2" falsecount="0"/>
        <line num="57" count="3" type="cond" truecount="2" falsecount="0"/>
        <line num="58" count="1" type="stmt"/>
        <line num="61" count="16" type="cond" truecount="2" falsecount="0"/>
        <line num="74" count="8" type="cond" truecount="4" falsecount="0"/>
        <line num="75" count="6" type="cond" truecount="2" falsecount="0"/>
        <line num="76" count="3" type="cond" truecount="1" falsecount="1"/>
        <line num="77" count="0" type="stmt"/>
        <line num="80" count="16" type="cond" truecount="2" falsecount="0"/>
        <line num="96" count="2" type="stmt"/>
        <line num="98" count="16" type="stmt"/>
        <line num="105" count="12" type="stmt"/>
        <line num="106" count="2" type="stmt"/>
        <line num="108" count="16" type="cond" truecount="2" falsecount="0"/>
        <line num="114" count="4" type="stmt"/>
        <line num="116" count="4" type="stmt"/>
        <line num="125" count="30" type="stmt"/>
        <line num="126" count="1" type="stmt"/>
      </file>
      <file name="BoardColumn.tsx" path="C:\Users\Admin\Desktop\CS 7180\Project2\Interntrack\src\components\Board\BoardColumn.tsx">
        <metrics statements="4" coveredstatements="4" conditionals="2" coveredconditionals="1" methods="3" coveredmethods="3"/>
        <line num="14" count="4" type="stmt"/>
        <line num="18" count="4" type="stmt"/>
        <line num="33" count="6" type="stmt"/>
        <line num="36" count="1" type="stmt"/>
      </file>
    </package>
    <package name="components.Forms">
      <metrics statements="16" coveredstatements="16" conditionals="14" coveredconditionals="12" methods="5" coveredmethods="4"/>
      <file name="DuplicateWarningModal.tsx" path="C:\Users\Admin\Desktop\CS 7180\Project2\Interntrack\src\components\Forms\DuplicateWarningModal.tsx">
        <metrics statements="16" coveredstatements="16" conditionals="14" coveredconditionals="12" methods="5" coveredmethods="4"/>
        <line num="25" count="8" type="stmt"/>
        <line num="27" count="8" type="stmt"/>
        <line num="28" count="8" type="stmt"/>
        <line num="29" count="8" type="cond" truecount="1" falsecount="1"/>
        <line num="30" count="8" type="cond" truecount="4" falsecount="0"/>
        <line num="31" count="6" type="stmt"/>
        <line num="32" count="2" type="cond" truecount="4" falsecount="0"/>
        <line num="33" count="1" type="stmt"/>
        <line num="37" count="8" type="stmt"/>
        <line num="38" count="8" type="stmt"/>
        <line num="39" count="8" type="cond" truecount="1" falsecount="1"/>
        <line num="40" count="8" type="stmt"/>
        <line num="41" count="8" type="stmt"/>
        <line num="42" count="8" type="stmt"/>
        <line num="45" count="8" type="cond" truecount="2" falsecount="0"/>
        <line num="54" count="8" type="stmt"/>
      </file>
    </package>
    <package name="lib.validations">
      <metrics statements="4" coveredstatements="4" conditionals="0" coveredconditionals="0" methods="0" coveredmethods="0"/>
      <file name="application.ts" path="C:\Users\Admin\Desktop\CS 7180\Project2\Interntrack\src\lib\validations\application.ts">
        <metrics statements="4" coveredstatements="4" conditionals="0" coveredconditionals="0" methods="0" coveredmethods="0"/>
        <line num="3" count="4" type="stmt"/>
        <line num="4" count="4" type="stmt"/>
        <line num="6" count="4" type="stmt"/>
        <line num="23" count="4" type="stmt"/>
      </file>
    </package>
  </project>
</coverage>
