{"/Users/stevi/Interntrack/src/app/api/v1/applications/route.ts": {"path":"/Users/stevi/Interntrack/src/app/api/v1/applications/route.ts","statementMap":{"0":{"start":{"line":8,"column":23},"end":{"line":8,"column":null}},"1":{"start":{"line":11,"column":4},"end":{"line":42,"column":null}},"2":{"start":{"line":12,"column":24},"end":{"line":12,"column":null}},"3":{"start":{"line":14,"column":8},"end":{"line":16,"column":null}},"4":{"start":{"line":15,"column":12},"end":{"line":15,"column":null}},"5":{"start":{"line":18,"column":21},"end":{"line":18,"column":null}},"6":{"start":{"line":19,"column":21},"end":{"line":19,"column":null}},"7":{"start":{"line":21,"column":28},"end":{"line":26,"column":null}},"8":{"start":{"line":28,"column":8},"end":{"line":28,"column":null}},"9":{"start":{"line":30,"column":8},"end":{"line":35,"column":null}},"10":{"start":{"line":31,"column":12},"end":{"line":34,"column":null}},"11":{"start":{"line":37,"column":8},"end":{"line":37,"column":null}},"12":{"start":{"line":38,"column":8},"end":{"line":41,"column":null}},"13":{"start":{"line":46,"column":4},"end":{"line":69,"column":null}},"14":{"start":{"line":47,"column":24},"end":{"line":47,"column":null}},"15":{"start":{"line":49,"column":8},"end":{"line":51,"column":null}},"16":{"start":{"line":50,"column":12},"end":{"line":50,"column":null}},"17":{"start":{"line":53,"column":29},"end":{"line":60,"column":null}},"18":{"start":{"line":62,"column":8},"end":{"line":62,"column":null}},"19":{"start":{"line":64,"column":8},"end":{"line":64,"column":null}},"20":{"start":{"line":65,"column":8},"end":{"line":68,"column":null}}},"fnMap":{"0":{"name":"POST","decl":{"start":{"line":10,"column":22},"end":{"line":10,"column":27}},"loc":{"start":{"line":10,"column":41},"end":{"line":43,"column":null}},"line":10},"1":{"name":"GET","decl":{"start":{"line":45,"column":22},"end":{"line":45,"column":26}},"loc":{"start":{"line":45,"column":40},"end":{"line":70,"column":null}},"line":45}},"branchMap":{"0":{"loc":{"start":{"line":14,"column":8},"end":{"line":16,"column":null}},"type":"if","locations":[{"start":{"line":14,"column":8},"end":{"line":16,"column":null}},{"start":{},"end":{}}],"line":14},"1":{"loc":{"start":{"line":14,"column":12},"end":{"line":14,"column":59}},"type":"binary-expr","locations":[{"start":{"line":14,"column":12},"end":{"line":14,"column":24}},{"start":{"line":14,"column":24},"end":{"line":14,"column":41}},{"start":{"line":14,"column":41},"end":{"line":14,"column":59}}],"line":14},"2":{"loc":{"start":{"line":30,"column":8},"end":{"line":35,"column":null}},"type":"if","locations":[{"start":{"line":30,"column":8},"end":{"line":35,"column":null}},{"start":{},"end":{}}],"line":30},"3":{"loc":{"start":{"line":49,"column":8},"end":{"line":51,"column":null}},"type":"if","locations":[{"start":{"line":49,"column":8},"end":{"line":51,"column":null}},{"start":{},"end":{}}],"line":49},"4":{"loc":{"start":{"line":49,"column":12},"end":{"line":49,"column":59}},"type":"binary-expr","locations":[{"start":{"line":49,"column":12},"end":{"line":49,"column":24}},{"start":{"line":49,"column":24},"end":{"line":49,"column":41}},{"start":{"line":49,"column":41},"end":{"line":49,"column":59}}],"line":49}},"s":{"0":1,"1":3,"2":3,"3":3,"4":1,"5":2,"6":2,"7":2,"8":1,"9":1,"10":1,"11":0,"12":0,"13":2,"14":2,"15":2,"16":1,"17":1,"18":1,"19":0,"20":0},"f":{"0":3,"1":2},"b":{"0":[1,2],"1":[3,2,2],"2":[1,0],"3":[1,1],"4":[2,1,1]},"meta":{"lastBranch":5,"lastFunction":2,"lastStatement":21,"seen":{"s:8:23:8:Infinity":0,"f:10:22:10:27":0,"s:11:4:42:Infinity":1,"s:12:24:12:Infinity":2,"b:14:8:16:Infinity:undefined:undefined:undefined:undefined":0,"s:14:8:16:Infinity":3,"b:14:12:14:24:14:24:14:41:14:41:14:59":1,"s:15:12:15:Infinity":4,"s:18:21:18:Infinity":5,"s:19:21:19:Infinity":6,"s:21:28:26:Infinity":7,"s:28:8:28:Infinity":8,"b:30:8:35:Infinity:undefined:undefined:undefined:undefined":2,"s:30:8:35:Infinity":9,"s:31:12:34:Infinity":10,"s:37:8:37:Infinity":11,"s:38:8:41:Infinity":12,"f:45:22:45:26":1,"s:46:4:69:Infinity":13,"s:47:24:47:Infinity":14,"b:49:8:51:Infinity:undefined:undefined:undefined:undefined":3,"s:49:8:51:Infinity":15,"b:49:12:49:24:49:24:49:41:49:41:49:59":4,"s:50:12:50:Infinity":16,"s:53:29:60:Infinity":17,"s:62:8:62:Infinity":18,"s:64:8:64:Infinity":19,"s:65:8:68:Infinity":20}}}
,"/Users/stevi/Interntrack/src/app/api/v1/applications/[id]/route.ts": {"path":"/Users/stevi/Interntrack/src/app/api/v1/applications/[id]/route.ts","statementMap":{"0":{"start":{"line":8,"column":23},"end":{"line":8,"column":null}},"1":{"start":{"line":14,"column":4},"end":{"line":42,"column":null}},"2":{"start":{"line":15,"column":24},"end":{"line":15,"column":null}},"3":{"start":{"line":17,"column":8},"end":{"line":19,"column":null}},"4":{"start":{"line":18,"column":12},"end":{"line":18,"column":null}},"5":{"start":{"line":21,"column":28},"end":{"line":25,"column":null}},"6":{"start":{"line":27,"column":8},"end":{"line":29,"column":null}},"7":{"start":{"line":28,"column":12},"end":{"line":28,"column":null}},"8":{"start":{"line":31,"column":8},"end":{"line":33,"column":null}},"9":{"start":{"line":32,"column":12},"end":{"line":32,"column":null}},"10":{"start":{"line":35,"column":8},"end":{"line":35,"column":null}},"11":{"start":{"line":37,"column":8},"end":{"line":37,"column":null}},"12":{"start":{"line":38,"column":8},"end":{"line":41,"column":null}},"13":{"start":{"line":49,"column":4},"end":{"line":90,"column":null}},"14":{"start":{"line":50,"column":24},"end":{"line":50,"column":null}},"15":{"start":{"line":52,"column":8},"end":{"line":54,"column":null}},"16":{"start":{"line":53,"column":12},"end":{"line":53,"column":null}},"17":{"start":{"line":56,"column":28},"end":{"line":58,"column":null}},"18":{"start":{"line":60,"column":8},"end":{"line":62,"column":null}},"19":{"start":{"line":61,"column":12},"end":{"line":61,"column":null}},"20":{"start":{"line":64,"column":8},"end":{"line":66,"column":null}},"21":{"start":{"line":65,"column":12},"end":{"line":65,"column":null}},"22":{"start":{"line":68,"column":21},"end":{"line":68,"column":null}},"23":{"start":{"line":69,"column":21},"end":{"line":69,"column":null}},"24":{"start":{"line":71,"column":35},"end":{"line":74,"column":null}},"25":{"start":{"line":76,"column":8},"end":{"line":76,"column":null}},"26":{"start":{"line":78,"column":8},"end":{"line":83,"column":null}},"27":{"start":{"line":79,"column":12},"end":{"line":82,"column":null}},"28":{"start":{"line":85,"column":8},"end":{"line":85,"column":null}},"29":{"start":{"line":86,"column":8},"end":{"line":89,"column":null}},"30":{"start":{"line":97,"column":4},"end":{"line":127,"column":null}},"31":{"start":{"line":98,"column":24},"end":{"line":98,"column":null}},"32":{"start":{"line":100,"column":8},"end":{"line":102,"column":null}},"33":{"start":{"line":101,"column":12},"end":{"line":101,"column":null}},"34":{"start":{"line":104,"column":28},"end":{"line":106,"column":null}},"35":{"start":{"line":108,"column":8},"end":{"line":110,"column":null}},"36":{"start":{"line":109,"column":12},"end":{"line":109,"column":null}},"37":{"start":{"line":112,"column":8},"end":{"line":114,"column":null}},"38":{"start":{"line":113,"column":12},"end":{"line":113,"column":null}},"39":{"start":{"line":116,"column":8},"end":{"line":118,"column":null}},"40":{"start":{"line":120,"column":8},"end":{"line":120,"column":null}},"41":{"start":{"line":122,"column":8},"end":{"line":122,"column":null}},"42":{"start":{"line":123,"column":8},"end":{"line":126,"column":null}}},"fnMap":{"0":{"name":"GET","decl":{"start":{"line":10,"column":22},"end":{"line":10,"column":null}},"loc":{"start":{"line":13,"column":2},"end":{"line":43,"column":null}},"line":13},"1":{"name":"PUT","decl":{"start":{"line":45,"column":22},"end":{"line":45,"column":null}},"loc":{"start":{"line":48,"column":2},"end":{"line":91,"column":null}},"line":48},"2":{"name":"DELETE","decl":{"start":{"line":93,"column":22},"end":{"line":93,"column":null}},"loc":{"start":{"line":96,"column":2},"end":{"line":128,"column":null}},"line":96}},"branchMap":{"0":{"loc":{"start":{"line":17,"column":8},"end":{"line":19,"column":null}},"type":"if","locations":[{"start":{"line":17,"column":8},"end":{"line":19,"column":null}},{"start":{},"end":{}}],"line":17},"1":{"loc":{"start":{"line":17,"column":12},"end":{"line":17,"column":59}},"type":"binary-expr","locations":[{"start":{"line":17,"column":12},"end":{"line":17,"column":24}},{"start":{"line":17,"column":24},"end":{"line":17,"column":41}},{"start":{"line":17,"column":41},"end":{"line":17,"column":59}}],"line":17},"2":{"loc":{"start":{"line":27,"column":8},"end":{"line":29,"column":null}},"type":"if","locations":[{"start":{"line":27,"column":8},"end":{"line":29,"column":null}},{"start":{},"end":{}}],"line":27},"3":{"loc":{"start":{"line":31,"column":8},"end":{"line":33,"column":null}},"type":"if","locations":[{"start":{"line":31,"column":8},"end":{"line":33,"column":null}},{"start":{},"end":{}}],"line":31},"4":{"loc":{"start":{"line":52,"column":8},"end":{"line":54,"column":null}},"type":"if","locations":[{"start":{"line":52,"column":8},"end":{"line":54,"column":null}},{"start":{},"end":{}}],"line":52},"5":{"loc":{"start":{"line":52,"column":12},"end":{"line":52,"column":59}},"type":"binary-expr","locations":[{"start":{"line":52,"column":12},"end":{"line":52,"column":24}},{"start":{"line":52,"column":24},"end":{"line":52,"column":41}},{"start":{"line":52,"column":41},"end":{"line":52,"column":59}}],"line":52},"6":{"loc":{"start":{"line":60,"column":8},"end":{"line":62,"column":null}},"type":"if","locations":[{"start":{"line":60,"column":8},"end":{"line":62,"column":null}},{"start":{},"end":{}}],"line":60},"7":{"loc":{"start":{"line":64,"column":8},"end":{"line":66,"column":null}},"type":"if","locations":[{"start":{"line":64,"column":8},"end":{"line":66,"column":null}},{"start":{},"end":{}}],"line":64},"8":{"loc":{"start":{"line":78,"column":8},"end":{"line":83,"column":null}},"type":"if","locations":[{"start":{"line":78,"column":8},"end":{"line":83,"column":null}},{"start":{},"end":{}}],"line":78},"9":{"loc":{"start":{"line":100,"column":8},"end":{"line":102,"column":null}},"type":"if","locations":[{"start":{"line":100,"column":8},"end":{"line":102,"column":null}},{"start":{},"end":{}}],"line":100},"10":{"loc":{"start":{"line":100,"column":12},"end":{"line":100,"column":59}},"type":"binary-expr","locations":[{"start":{"line":100,"column":12},"end":{"line":100,"column":24}},{"start":{"line":100,"column":24},"end":{"line":100,"column":41}},{"start":{"line":100,"column":41},"end":{"line":100,"column":59}}],"line":100},"11":{"loc":{"start":{"line":108,"column":8},"end":{"line":110,"column":null}},"type":"if","locations":[{"start":{"line":108,"column":8},"end":{"line":110,"column":null}},{"start":{},"end":{}}],"line":108},"12":{"loc":{"start":{"line":112,"column":8},"end":{"line":114,"column":null}},"type":"if","locations":[{"start":{"line":112,"column":8},"end":{"line":114,"column":null}},{"start":{},"end":{}}],"line":112}},"s":{"0":1,"1":4,"2":4,"3":4,"4":1,"5":3,"6":3,"7":1,"8":2,"9":1,"10":1,"11":0,"12":0,"13":4,"14":4,"15":4,"16":1,"17":3,"18":3,"19":0,"20":3,"21":1,"22":2,"23":2,"24":2,"25":1,"26":1,"27":1,"28":0,"29":0,"30":3,"31":3,"32":3,"33":1,"34":2,"35":2,"36":0,"37":2,"38":1,"39":1,"40":1,"41":0,"42":0},"f":{"0":4,"1":4,"2":3},"b":{"0":[1,3],"1":[4,3,3],"2":[1,2],"3":[1,1],"4":[1,3],"5":[4,3,3],"6":[0,3],"7":[1,2],"8":[1,0],"9":[1,2],"10":[3,2,2],"11":[0,2],"12":[1,1]},"meta":{"lastBranch":13,"lastFunction":3,"lastStatement":43,"seen":{"s:8:23:8:Infinity":0,"f:10:22:10:Infinity":0,"s:14:4:42:Infinity":1,"s:15:24:15:Infinity":2,"b:17:8:19:Infinity:undefined:undefined:undefined:undefined":0,"s:17:8:19:Infinity":3,"b:17:12:17:24:17:24:17:41:17:41:17:59":1,"s:18:12:18:Infinity":4,"s:21:28:25:Infinity":5,"b:27:8:29:Infinity:undefined:undefined:undefined:undefined":2,"s:27:8:29:Infinity":6,"s:28:12:28:Infinity":7,"b:31:8:33:Infinity:undefined:undefined:undefined:undefined":3,"s:31:8:33:Infinity":8,"s:32:12:32:Infinity":9,"s:35:8:35:Infinity":10,"s:37:8:37:Infinity":11,"s:38:8:41:Infinity":12,"f:45:22:45:Infinity":1,"s:49:4:90:Infinity":13,"s:50:24:50:Infinity":14,"b:52:8:54:Infinity:undefined:undefined:undefined:undefined":4,"s:52:8:54:Infinity":15,"b:52:12:52:24:52:24:52:41:52:41:52:59":5,"s:53:12:53:Infinity":16,"s:56:28:58:Infinity":17,"b:60:8:62:Infinity:undefined:undefined:undefined:undefined":6,"s:60:8:62:Infinity":18,"s:61:12:61:Infinity":19,"b:64:8:66:Infinity:undefined:undefined:undefined:undefined":7,"s:64:8:66:Infinity":20,"s:65:12:65:Infinity":21,"s:68:21:68:Infinity":22,"s:69:21:69:Infinity":23,"s:71:35:74:Infinity":24,"s:76:8:76:Infinity":25,"b:78:8:83:Infinity:undefined:undefined:undefined:undefined":8,"s:78:8:83:Infinity":26,"s:79:12:82:Infinity":27,"s:85:8:85:Infinity":28,"s:86:8:89:Infinity":29,"f:93:22:93:Infinity":2,"s:97:4:127:Infinity":30,"s:98:24:98:Infinity":31,"b:100:8:102:Infinity:undefined:undefined:undefined:undefined":9,"s:100:8:102:Infinity":32,"b:100:12:100:24:100:24:100:41:100:41:100:59":10,"s:101:12:101:Infinity":33,"s:104:28:106:Infinity":34,"b:108:8:110:Infinity:undefined:undefined:undefined:undefined":11,"s:108:8:110:Infinity":35,"s:109:12:109:Infinity":36,"b:112:8:114:Infinity:undefined:undefined:undefined:undefined":12,"s:112:8:114:Infinity":37,"s:113:12:113:Infinity":38,"s:116:8:118:Infinity":39,"s:120:8:120:Infinity":40,"s:122:8:122:Infinity":41,"s:123:8:126:Infinity":42}}}
,"/Users/stevi/Interntrack/src/app/login/page.tsx": {"path":"/Users/stevi/Interntrack/src/app/login/page.tsx","statementMap":{"0":{"start":{"line":10,"column":10},"end":{"line":10,"column":null}},"1":{"start":{"line":11,"column":10},"end":{"line":11,"column":null}},"2":{"start":{"line":12,"column":26},"end":{"line":12,"column":null}},"3":{"start":{"line":13,"column":32},"end":{"line":13,"column":null}},"4":{"start":{"line":14,"column":26},"end":{"line":14,"column":null}},"5":{"start":{"line":15,"column":30},"end":{"line":15,"column":null}},"6":{"start":{"line":17,"column":24},"end":{"line":17,"column":null}},"7":{"start":{"line":19,"column":25},"end":{"line":43,"column":null}},"8":{"start":{"line":20,"column":8},"end":{"line":20,"column":null}},"9":{"start":{"line":21,"column":8},"end":{"line":21,"column":null}},"10":{"start":{"line":22,"column":8},"end":{"line":22,"column":null}},"11":{"start":{"line":24,"column":8},"end":{"line":42,"column":null}},"12":{"start":{"line":25,"column":24},"end":{"line":30,"column":null}},"13":{"start":{"line":32,"column":12},"end":{"line":37,"column":null}},"14":{"start":{"line":33,"column":16},"end":{"line":33,"column":null}},"15":{"start":{"line":35,"column":16},"end":{"line":35,"column":null}},"16":{"start":{"line":36,"column":16},"end":{"line":36,"column":null}},"17":{"start":{"line":39,"column":12},"end":{"line":39,"column":null}},"18":{"start":{"line":41,"column":12},"end":{"line":41,"column":null}},"19":{"start":{"line":45,"column":4},"end":{"line":97,"column":null}},"20":{"start":{"line":64,"column":41},"end":{"line":64,"column":null}},"21":{"start":{"line":82,"column":41},"end":{"line":82,"column":null}},"22":{"start":{"line":102,"column":4},"end":{"line":130,"column":null}}},"fnMap":{"0":{"name":"LoginForm","decl":{"start":{"line":9,"column":9},"end":{"line":9,"column":21}},"loc":{"start":{"line":9,"column":21},"end":{"line":99,"column":null}},"line":9},"1":{"name":"(anonymous_1)","decl":{"start":{"line":19,"column":25},"end":{"line":19,"column":32}},"loc":{"start":{"line":19,"column":55},"end":{"line":43,"column":null}},"line":19},"2":{"name":"(anonymous_2)","decl":{"start":{"line":64,"column":34},"end":{"line":64,"column":35}},"loc":{"start":{"line":64,"column":41},"end":{"line":64,"column":null}},"line":64},"3":{"name":"(anonymous_3)","decl":{"start":{"line":82,"column":34},"end":{"line":82,"column":35}},"loc":{"start":{"line":82,"column":41},"end":{"line":82,"column":null}},"line":82},"4":{"name":"LoginPage","decl":{"start":{"line":101,"column":24},"end":{"line":101,"column":36}},"loc":{"start":{"line":101,"column":36},"end":{"line":132,"column":null}},"line":101}},"branchMap":{"0":{"loc":{"start":{"line":17,"column":24},"end":{"line":17,"column":null}},"type":"binary-expr","locations":[{"start":{"line":17,"column":24},"end":{"line":17,"column":59}},{"start":{"line":17,"column":59},"end":{"line":17,"column":null}}],"line":17},"1":{"loc":{"start":{"line":32,"column":12},"end":{"line":37,"column":null}},"type":"if","locations":[{"start":{"line":32,"column":12},"end":{"line":37,"column":null}},{"start":{"line":34,"column":19},"end":{"line":37,"column":null}}],"line":32},"2":{"loc":{"start":{"line":33,"column":25},"end":{"line":33,"column":100}},"type":"cond-expr","locations":[{"start":{"line":33,"column":61},"end":{"line":33,"column":91}},{"start":{"line":33,"column":91},"end":{"line":33,"column":100}}],"line":33},"3":{"loc":{"start":{"line":47,"column":13},"end":{"line":50,"column":null}},"type":"binary-expr","locations":[{"start":{"line":47,"column":13},"end":{"line":47,"column":null}},{"start":{"line":48,"column":16},"end":{"line":50,"column":null}}],"line":47},"4":{"loc":{"start":{"line":94,"column":21},"end":{"line":94,"column":null}},"type":"cond-expr","locations":[{"start":{"line":94,"column":31},"end":{"line":94,"column":49}},{"start":{"line":94,"column":49},"end":{"line":94,"column":null}}],"line":94}},"s":{"0":6,"1":6,"2":6,"3":6,"4":6,"5":6,"6":6,"7":6,"8":1,"9":1,"10":1,"11":1,"12":1,"13":1,"14":0,"15":1,"16":1,"17":0,"18":1,"19":6,"20":1,"21":1,"22":2},"f":{"0":6,"1":1,"2":1,"3":1,"4":2},"b":{"0":[6,6],"1":[0,1],"2":[0,0],"3":[6,0],"4":[1,5]},"meta":{"lastBranch":5,"lastFunction":5,"lastStatement":23,"seen":{"f:9:9:9:21":0,"s:10:10:10:Infinity":0,"s:11:10:11:Infinity":1,"s:12:26:12:Infinity":2,"s:13:32:13:Infinity":3,"s:14:26:14:Infinity":4,"s:15:30:15:Infinity":5,"s:17:24:17:Infinity":6,"b:17:24:17:59:17:59:17:Infinity":0,"s:19:25:43:Infinity":7,"f:19:25:19:32":1,"s:20:8:20:Infinity":8,"s:21:8:21:Infinity":9,"s:22:8:22:Infinity":10,"s:24:8:42:Infinity":11,"s:25:24:30:Infinity":12,"b:32:12:37:Infinity:34:19:37:Infinity":1,"s:32:12:37:Infinity":13,"s:33:16:33:Infinity":14,"b:33:61:33:91:33:91:33:100":2,"s:35:16:35:Infinity":15,"s:36:16:36:Infinity":16,"s:39:12:39:Infinity":17,"s:41:12:41:Infinity":18,"s:45:4:97:Infinity":19,"b:47:13:47:Infinity:48:16:50:Infinity":3,"f:64:34:64:35":2,"s:64:41:64:Infinity":20,"f:82:34:82:35":3,"s:82:41:82:Infinity":21,"b:94:31:94:49:94:49:94:Infinity":4,"f:101:24:101:36":4,"s:102:4:130:Infinity":22}}}
,"/Users/stevi/Interntrack/src/app/register/page.tsx": {"path":"/Users/stevi/Interntrack/src/app/register/page.tsx","statementMap":{"0":{"start":{"line":9,"column":10},"end":{"line":9,"column":null}},"1":{"start":{"line":10,"column":26},"end":{"line":10,"column":null}},"2":{"start":{"line":11,"column":32},"end":{"line":11,"column":null}},"3":{"start":{"line":12,"column":46},"end":{"line":12,"column":null}},"4":{"start":{"line":13,"column":26},"end":{"line":13,"column":null}},"5":{"start":{"line":14,"column":30},"end":{"line":14,"column":null}},"6":{"start":{"line":16,"column":25},"end":{"line":58,"column":null}},"7":{"start":{"line":17,"column":8},"end":{"line":17,"column":null}},"8":{"start":{"line":18,"column":8},"end":{"line":18,"column":null}},"9":{"start":{"line":20,"column":8},"end":{"line":23,"column":null}},"10":{"start":{"line":21,"column":12},"end":{"line":21,"column":null}},"11":{"start":{"line":22,"column":12},"end":{"line":22,"column":null}},"12":{"start":{"line":25,"column":8},"end":{"line":25,"column":null}},"13":{"start":{"line":27,"column":8},"end":{"line":57,"column":null}},"14":{"start":{"line":28,"column":24},"end":{"line":32,"column":null}},"15":{"start":{"line":34,"column":25},"end":{"line":34,"column":null}},"16":{"start":{"line":36,"column":12},"end":{"line":38,"column":null}},"17":{"start":{"line":37,"column":16},"end":{"line":37,"column":null}},"18":{"start":{"line":41,"column":30},"end":{"line":45,"column":null}},"19":{"start":{"line":47,"column":12},"end":{"line":49,"column":null}},"20":{"start":{"line":48,"column":16},"end":{"line":48,"column":null}},"21":{"start":{"line":51,"column":12},"end":{"line":51,"column":null}},"22":{"start":{"line":52,"column":12},"end":{"line":52,"column":null}},"23":{"start":{"line":54,"column":12},"end":{"line":54,"column":null}},"24":{"start":{"line":56,"column":12},"end":{"line":56,"column":null}},"25":{"start":{"line":60,"column":4},"end":{"line":164,"column":null}},"26":{"start":{"line":94,"column":53},"end":{"line":94,"column":null}},"27":{"start":{"line":115,"column":53},"end":{"line":115,"column":null}},"28":{"start":{"line":136,"column":53},"end":{"line":136,"column":null}}},"fnMap":{"0":{"name":"RegisterPage","decl":{"start":{"line":8,"column":24},"end":{"line":8,"column":39}},"loc":{"start":{"line":8,"column":39},"end":{"line":166,"column":null}},"line":8},"1":{"name":"(anonymous_1)","decl":{"start":{"line":16,"column":25},"end":{"line":16,"column":32}},"loc":{"start":{"line":16,"column":55},"end":{"line":58,"column":null}},"line":16},"2":{"name":"(anonymous_2)","decl":{"start":{"line":94,"column":46},"end":{"line":94,"column":47}},"loc":{"start":{"line":94,"column":53},"end":{"line":94,"column":null}},"line":94},"3":{"name":"(anonymous_3)","decl":{"start":{"line":115,"column":46},"end":{"line":115,"column":47}},"loc":{"start":{"line":115,"column":53},"end":{"line":115,"column":null}},"line":115},"4":{"name":"(anonymous_4)","decl":{"start":{"line":136,"column":46},"end":{"line":136,"column":47}},"loc":{"start":{"line":136,"column":53},"end":{"line":136,"column":null}},"line":136}},"branchMap":{"0":{"loc":{"start":{"line":20,"column":8},"end":{"line":23,"column":null}},"type":"if","locations":[{"start":{"line":20,"column":8},"end":{"line":23,"column":null}},{"start":{},"end":{}}],"line":20},"1":{"loc":{"start":{"line":36,"column":12},"end":{"line":38,"column":null}},"type":"if","locations":[{"start":{"line":36,"column":12},"end":{"line":38,"column":null}},{"start":{},"end":{}}],"line":36},"2":{"loc":{"start":{"line":37,"column":32},"end":{"line":37,"column":69}},"type":"binary-expr","locations":[{"start":{"line":37,"column":32},"end":{"line":37,"column":48}},{"start":{"line":37,"column":48},"end":{"line":37,"column":69}}],"line":37},"3":{"loc":{"start":{"line":47,"column":12},"end":{"line":49,"column":null}},"type":"if","locations":[{"start":{"line":47,"column":12},"end":{"line":49,"column":null}},{"start":{},"end":{}}],"line":47},"4":{"loc":{"start":{"line":74,"column":25},"end":{"line":77,"column":null}},"type":"binary-expr","locations":[{"start":{"line":74,"column":25},"end":{"line":74,"column":null}},{"start":{"line":75,"column":28},"end":{"line":77,"column":null}}],"line":74},"5":{"loc":{"start":{"line":148,"column":33},"end":{"line":148,"column":null}},"type":"cond-expr","locations":[{"start":{"line":148,"column":43},"end":{"line":148,"column":62}},{"start":{"line":148,"column":62},"end":{"line":148,"column":null}}],"line":148}},"s":{"0":12,"1":12,"2":12,"3":12,"4":12,"5":12,"6":12,"7":2,"8":2,"9":2,"10":1,"11":1,"12":1,"13":1,"14":1,"15":1,"16":1,"17":0,"18":1,"19":1,"20":0,"21":1,"22":1,"23":0,"24":1,"25":12,"26":2,"27":2,"28":2},"f":{"0":12,"1":2,"2":2,"3":2,"4":2},"b":{"0":[1,1],"1":[0,1],"2":[0,0],"3":[0,1],"4":[12,1],"5":[1,11]},"meta":{"lastBranch":6,"lastFunction":5,"lastStatement":29,"seen":{"f:8:24:8:39":0,"s:9:10:9:Infinity":0,"s:10:26:10:Infinity":1,"s:11:32:11:Infinity":2,"s:12:46:12:Infinity":3,"s:13:26:13:Infinity":4,"s:14:30:14:Infinity":5,"s:16:25:58:Infinity":6,"f:16:25:16:32":1,"s:17:8:17:Infinity":7,"s:18:8:18:Infinity":8,"b:20:8:23:Infinity:undefined:undefined:undefined:undefined":0,"s:20:8:23:Infinity":9,"s:21:12:21:Infinity":10,"s:22:12:22:Infinity":11,"s:25:8:25:Infinity":12,"s:27:8:57:Infinity":13,"s:28:24:32:Infinity":14,"s:34:25:34:Infinity":15,"b:36:12:38:Infinity:undefined:undefined:undefined:undefined":1,"s:36:12:38:Infinity":16,"s:37:16:37:Infinity":17,"b:37:32:37:48:37:48:37:69":2,"s:41:30:45:Infinity":18,"b:47:12:49:Infinity:undefined:undefined:undefined:undefined":3,"s:47:12:49:Infinity":19,"s:48:16:48:Infinity":20,"s:51:12:51:Infinity":21,"s:52:12:52:Infinity":22,"s:54:12:54:Infinity":23,"s:56:12:56:Infinity":24,"s:60:4:164:Infinity":25,"b:74:25:74:Infinity:75:28:77:Infinity":4,"f:94:46:94:47":2,"s:94:53:94:Infinity":26,"f:115:46:115:47":3,"s:115:53:115:Infinity":27,"f:136:46:136:47":4,"s:136:53:136:Infinity":28,"b:148:43:148:62:148:62:148:Infinity":5}}}
,"/Users/stevi/Interntrack/src/lib/validations/application.ts": {"path":"/Users/stevi/Interntrack/src/lib/validations/application.ts","statementMap":{"0":{"start":{"line":3,"column":37},"end":{"line":3,"column":null}},"1":{"start":{"line":4,"column":35},"end":{"line":4,"column":null}},"2":{"start":{"line":6,"column":39},"end":{"line":21,"column":null}},"3":{"start":{"line":23,"column":39},"end":{"line":38,"column":null}}},"fnMap":{},"branchMap":{},"s":{"0":2,"1":2,"2":2,"3":2},"f":{},"b":{},"meta":{"lastBranch":0,"lastFunction":0,"lastStatement":4,"seen":{"s:3:37:3:Infinity":0,"s:4:35:4:Infinity":1,"s:6:39:21:Infinity":2,"s:23:39:38:Infinity":3}}}
}
